[ 2017-10-27T11:39:23+08:00 ] ::1 /Home/goods/category
INFO: [ app_init ] --START--
INFO: Run Behavior\BuildLiteBehavior [ RunTime:0.000033s ]
INFO: [ app_init ] --END-- [ RunTime:0.000849s ]
INFO: [ app_begin ] --START--
INFO: Run Behavior\ReadHtmlCacheBehavior [ RunTime:0.000858s ]
INFO: [ app_begin ] --END-- [ RunTime:0.000948s ]
SQL: SHOW COLUMNS FROM `type` [ RunTime:0.0102s ]
SQL: select name,id from type where pid="0" [ RunTime:0.0011s ]
SQL: select name,id from type where pid="1" [ RunTime:0.0008s ]
INFO: [ view_parse ] --START--
INFO: [ template_filter ] --START--
INFO: Run Behavior\ContentReplaceBehavior [ RunTime:0.000096s ]
INFO: [ template_filter ] --END-- [ RunTime:0.000224s ]
INFO: Run Behavior\ParseTemplateBehavior [ RunTime:0.036185s ]
INFO: [ view_parse ] --END-- [ RunTime:0.036278s ]
INFO: [ view_filter ] --START--
INFO: Run Behavior\WriteHtmlCacheBehavior [ RunTime:0.000402s ]
INFO: [ view_filter ] --END-- [ RunTime:0.000468s ]
INFO: [ app_end ] --START--
INFO: Run Behavior\ShowPageTraceBehavior [ RunTime:0.000870s ]
INFO: [ app_end ] --END-- [ RunTime:0.000939s ]

[ 2017-10-27T11:39:24+08:00 ] ::1 /index.php/Home/goods/categorylist/id/14.html
INFO: [ app_init ] --START--
INFO: Run Behavior\BuildLiteBehavior [ RunTime:0.000019s ]
INFO: [ app_init ] --END-- [ RunTime:0.000398s ]
INFO: [ app_begin ] --START--
INFO: Run Behavior\ReadHtmlCacheBehavior [ RunTime:0.000505s ]
INFO: [ app_begin ] --END-- [ RunTime:0.000574s ]
SQL: SHOW COLUMNS FROM `goods` [ RunTime:0.0030s ]
SQL: select * from goods where typeid='14' order BY id asc [ RunTime:0.0010s ]
INFO: [ view_parse ] --START--
INFO: [ template_filter ] --START--
INFO: Run Behavior\ContentReplaceBehavior [ RunTime:0.000065s ]
INFO: [ template_filter ] --END-- [ RunTime:0.000148s ]
INFO: Run Behavior\ParseTemplateBehavior [ RunTime:0.022320s ]
INFO: [ view_parse ] --END-- [ RunTime:0.022423s ]
INFO: [ view_filter ] --START--
INFO: Run Behavior\WriteHtmlCacheBehavior [ RunTime:0.000201s ]
INFO: [ view_filter ] --END-- [ RunTime:0.000253s ]
INFO: [ app_end ] --START--
INFO: Run Behavior\ShowPageTraceBehavior [ RunTime:0.000766s ]
INFO: [ app_end ] --END-- [ RunTime:0.000861s ]

[ 2017-10-27T11:39:27+08:00 ] ::1 /index.php/Home/cart/cart.html
INFO: [ app_init ] --START--
INFO: Run Behavior\BuildLiteBehavior [ RunTime:0.000016s ]
INFO: [ app_init ] --END-- [ RunTime:0.000367s ]
INFO: [ app_begin ] --START--
INFO: Run Behavior\ReadHtmlCacheBehavior [ RunTime:0.000495s ]
INFO: [ app_begin ] --END-- [ RunTime:0.000557s ]
NOTIC: [8] Undefined index: uid /Users/danyuxi/Documents/WWW/mobilephone/App/Home/Controller/CartController.class.php 第 14 行.

[ 2017-10-27T11:39:29+08:00 ] ::1 /index.php/Home/login/login.html
INFO: [ app_init ] --START--
INFO: Run Behavior\BuildLiteBehavior [ RunTime:0.000022s ]
INFO: [ app_init ] --END-- [ RunTime:0.000424s ]
INFO: [ app_begin ] --START--
INFO: Run Behavior\ReadHtmlCacheBehavior [ RunTime:0.000727s ]
INFO: [ app_begin ] --END-- [ RunTime:0.000812s ]
INFO: [ view_parse ] --START--
INFO: [ template_filter ] --START--
INFO: Run Behavior\ContentReplaceBehavior [ RunTime:0.000054s ]
INFO: [ template_filter ] --END-- [ RunTime:0.000140s ]
INFO: Run Behavior\ParseTemplateBehavior [ RunTime:0.020697s ]
INFO: [ view_parse ] --END-- [ RunTime:0.020788s ]
INFO: [ view_filter ] --START--
INFO: Run Behavior\WriteHtmlCacheBehavior [ RunTime:0.000196s ]
INFO: [ view_filter ] --END-- [ RunTime:0.000253s ]
INFO: [ app_end ] --START--
INFO: Run Behavior\ShowPageTraceBehavior [ RunTime:0.000571s ]
INFO: [ app_end ] --END-- [ RunTime:0.000628s ]

[ 2017-10-27T11:39:46+08:00 ] ::1 /index.php/Home/login/logindata.html
INFO: [ app_init ] --START--
INFO: Run Behavior\BuildLiteBehavior [ RunTime:0.000028s ]
INFO: [ app_init ] --END-- [ RunTime:0.000479s ]
INFO: [ app_begin ] --START--
INFO: Run Behavior\ReadHtmlCacheBehavior [ RunTime:0.000547s ]
INFO: [ app_begin ] --END-- [ RunTime:0.000610s ]
SQL: SHOW COLUMNS FROM `user` [ RunTime:0.0026s ]
SQL: SELECT `password`,`id` FROM `user` WHERE ( username='duanyuxi' ) LIMIT 1   [ RunTime:0.0007s ]

[ 2017-10-27T11:39:46+08:00 ] ::1 /index.php/Home/index/index.html
INFO: [ app_init ] --START--
INFO: Run Behavior\BuildLiteBehavior [ RunTime:0.000020s ]
INFO: [ app_init ] --END-- [ RunTime:0.000434s ]
INFO: [ app_begin ] --START--
INFO: Run Behavior\ReadHtmlCacheBehavior [ RunTime:0.000608s ]
INFO: [ app_begin ] --END-- [ RunTime:0.000678s ]
INFO: [ view_parse ] --START--
INFO: [ template_filter ] --START--
INFO: Run Behavior\ContentReplaceBehavior [ RunTime:0.000116s ]
INFO: [ template_filter ] --END-- [ RunTime:0.000197s ]
INFO: Run Behavior\ParseTemplateBehavior [ RunTime:0.013381s ]
INFO: [ view_parse ] --END-- [ RunTime:0.013470s ]
INFO: [ view_filter ] --START--
INFO: Run Behavior\WriteHtmlCacheBehavior [ RunTime:0.000237s ]
INFO: [ view_filter ] --END-- [ RunTime:0.000299s ]
INFO: [ app_end ] --START--
INFO: Run Behavior\ShowPageTraceBehavior [ RunTime:0.000656s ]
INFO: [ app_end ] --END-- [ RunTime:0.000740s ]

[ 2017-10-27T11:39:48+08:00 ] ::1 /index.php/Home/usercenter/user.html
INFO: [ app_init ] --START--
INFO: Run Behavior\BuildLiteBehavior [ RunTime:0.000018s ]
INFO: [ app_init ] --END-- [ RunTime:0.000405s ]
INFO: [ app_begin ] --START--
INFO: Run Behavior\ReadHtmlCacheBehavior [ RunTime:0.000489s ]
INFO: [ app_begin ] --END-- [ RunTime:0.000546s ]
INFO: [ view_parse ] --START--
INFO: [ template_filter ] --START--
INFO: Run Behavior\ContentReplaceBehavior [ RunTime:0.000049s ]
INFO: [ template_filter ] --END-- [ RunTime:0.000118s ]
INFO: Run Behavior\ParseTemplateBehavior [ RunTime:0.008571s ]
INFO: [ view_parse ] --END-- [ RunTime:0.008659s ]
INFO: [ view_filter ] --START--
INFO: Run Behavior\WriteHtmlCacheBehavior [ RunTime:0.000259s ]
INFO: [ view_filter ] --END-- [ RunTime:0.000324s ]
INFO: [ app_end ] --START--
INFO: Run Behavior\ShowPageTraceBehavior [ RunTime:0.000579s ]
INFO: [ app_end ] --END-- [ RunTime:0.000635s ]

[ 2017-10-27T11:39:51+08:00 ] ::1 /index.php/Home/cart/cart.html
INFO: [ app_init ] --START--
INFO: Run Behavior\BuildLiteBehavior [ RunTime:0.000017s ]
INFO: [ app_init ] --END-- [ RunTime:0.000370s ]
INFO: [ app_begin ] --START--
INFO: Run Behavior\ReadHtmlCacheBehavior [ RunTime:0.000468s ]
INFO: [ app_begin ] --END-- [ RunTime:0.000525s ]
SQL: SHOW COLUMNS FROM `cart` [ RunTime:0.0050s ]
SQL: select cart.gid,cart.id,cart.goodsnum,goods.picname,goods.goodsname,goods.price,goods.oldprice from cart join goods on cart.gid=goods.id where cart.uid=11 [ RunTime:0.0018s ]
INFO: [ view_parse ] --START--
INFO: [ template_filter ] --START--
INFO: Run Behavior\ContentReplaceBehavior [ RunTime:0.000087s ]
INFO: [ template_filter ] --END-- [ RunTime:0.000195s ]
INFO: Run Behavior\ParseTemplateBehavior [ RunTime:0.030515s ]
INFO: [ view_parse ] --END-- [ RunTime:0.030616s ]
INFO: [ view_filter ] --START--
INFO: Run Behavior\WriteHtmlCacheBehavior [ RunTime:0.000224s ]
INFO: [ view_filter ] --END-- [ RunTime:0.000288s ]
INFO: [ app_end ] --START--
INFO: Run Behavior\ShowPageTraceBehavior [ RunTime:0.000849s ]
INFO: [ app_end ] --END-- [ RunTime:0.000947s ]

[ 2017-10-27T11:39:55+08:00 ] ::1 /index.php/Home/order/confirm_order.html
INFO: [ app_init ] --START--
INFO: Run Behavior\BuildLiteBehavior [ RunTime:0.000017s ]
INFO: [ app_init ] --END-- [ RunTime:0.000366s ]
INFO: [ app_begin ] --START--
INFO: Run Behavior\ReadHtmlCacheBehavior [ RunTime:0.000466s ]
INFO: [ app_begin ] --END-- [ RunTime:0.000525s ]
SQL: SHOW COLUMNS FROM `goods` [ RunTime:0.0019s ]
SQL: select goods.price,cart.goodsnum from goods join cart on cart.gid=goods.id where goods.id=3 [ RunTime:0.0007s ]
SQL: SHOW COLUMNS FROM `address` [ RunTime:0.0017s ]
ERR: 1064:You have an error in your SQL syntax; check the manual that corresponds to your MySQL server version for the right syntax to use near 'from uid=11' at line 1
 [ SQL语句 ] : select * from address from uid=11
ERR: 1064:You have an error in your SQL syntax; check the manual that corresponds to your MySQL server version for the right syntax to use near 'from uid=11' at line 1
 [ SQL语句 ] : select * from address from uid=11

[ 2017-10-27T11:40:43+08:00 ] ::1 /index.php/Home/order/confirm_order.html
INFO: [ app_init ] --START--
INFO: Run Behavior\BuildLiteBehavior [ RunTime:0.000049s ]
INFO: [ app_init ] --END-- [ RunTime:0.000654s ]
INFO: [ app_begin ] --START--
INFO: Run Behavior\ReadHtmlCacheBehavior [ RunTime:0.000805s ]
INFO: [ app_begin ] --END-- [ RunTime:0.000903s ]
SQL: SHOW COLUMNS FROM `goods` [ RunTime:0.0035s ]
SQL: select goods.price,cart.goodsnum from goods join cart on cart.gid=goods.id where goods.id=3 [ RunTime:0.0003s ]
SQL: SHOW COLUMNS FROM `address` [ RunTime:0.0013s ]
SQL: select * from address where uid=11 [ RunTime:0.0005s ]
INFO: [ view_parse ] --START--
INFO: [ template_filter ] --START--
INFO: Run Behavior\ContentReplaceBehavior [ RunTime:0.000079s ]
INFO: [ template_filter ] --END-- [ RunTime:0.000162s ]
INFO: Run Behavior\ParseTemplateBehavior [ RunTime:0.016172s ]
INFO: [ view_parse ] --END-- [ RunTime:0.016262s ]
INFO: [ view_filter ] --START--
INFO: Run Behavior\WriteHtmlCacheBehavior [ RunTime:0.000211s ]
INFO: [ view_filter ] --END-- [ RunTime:0.000267s ]
INFO: [ app_end ] --START--
INFO: Run Behavior\ShowPageTraceBehavior [ RunTime:0.000594s ]
INFO: [ app_end ] --END-- [ RunTime:0.000653s ]

[ 2017-10-27T11:41:44+08:00 ] ::1 /index.php/Home/order/confirm_order.html
INFO: [ app_init ] --START--
INFO: Run Behavior\BuildLiteBehavior [ RunTime:0.000035s ]
INFO: [ app_init ] --END-- [ RunTime:0.000665s ]
INFO: [ app_begin ] --START--
INFO: Run Behavior\ReadHtmlCacheBehavior [ RunTime:0.000719s ]
INFO: [ app_begin ] --END-- [ RunTime:0.000802s ]
NOTIC: [8] Undefined index: arrgid /Users/danyuxi/Documents/WWW/mobilephone/App/Home/Controller/OrderController.class.php 第 23 行.
NOTIC: [2] Invalid argument supplied for foreach() /Users/danyuxi/Documents/WWW/mobilephone/App/Home/Controller/OrderController.class.php 第 28 行.
SQL: SHOW COLUMNS FROM `address` [ RunTime:0.0036s ]
SQL: select * from address where uid=11 [ RunTime:0.0003s ]
INFO: [ view_parse ] --START--
INFO: [ template_filter ] --START--
INFO: Run Behavior\ContentReplaceBehavior [ RunTime:0.000107s ]
INFO: [ template_filter ] --END-- [ RunTime:0.000211s ]
INFO: Run Behavior\ParseTemplateBehavior [ RunTime:0.015293s ]
INFO: [ view_parse ] --END-- [ RunTime:0.015396s ]
INFO: [ view_filter ] --START--
INFO: Run Behavior\WriteHtmlCacheBehavior [ RunTime:0.000247s ]
INFO: [ view_filter ] --END-- [ RunTime:0.000333s ]
INFO: [ app_end ] --START--
INFO: Run Behavior\ShowPageTraceBehavior [ RunTime:0.000786s ]
INFO: [ app_end ] --END-- [ RunTime:0.000870s ]

[ 2017-10-27T11:42:53+08:00 ] ::1 /index.php/Home/order/confirm_order.html
INFO: [ app_init ] --START--
INFO: Run Behavior\BuildLiteBehavior [ RunTime:0.000027s ]
INFO: [ app_init ] --END-- [ RunTime:0.000494s ]
INFO: [ app_begin ] --START--
INFO: Run Behavior\ReadHtmlCacheBehavior [ RunTime:0.000552s ]
INFO: [ app_begin ] --END-- [ RunTime:0.000616s ]
NOTIC: [8] Undefined index: arrgid /Users/danyuxi/Documents/WWW/mobilephone/App/Home/Controller/OrderController.class.php 第 23 行.
NOTIC: [2] Invalid argument supplied for foreach() /Users/danyuxi/Documents/WWW/mobilephone/App/Home/Controller/OrderController.class.php 第 28 行.
SQL: SHOW COLUMNS FROM `address` [ RunTime:0.0035s ]
SQL: select * from address where uid=11 [ RunTime:0.0003s ]
INFO: [ view_parse ] --START--
INFO: [ template_filter ] --START--
INFO: Run Behavior\ContentReplaceBehavior [ RunTime:0.000087s ]
INFO: [ template_filter ] --END-- [ RunTime:0.000170s ]

[ 2017-10-27T11:46:03+08:00 ] ::1 /index.php/Home/order/confirm_order.html
INFO: [ app_init ] --START--
INFO: Run Behavior\BuildLiteBehavior [ RunTime:0.000019s ]
INFO: [ app_init ] --END-- [ RunTime:0.000377s ]
INFO: [ app_begin ] --START--
INFO: Run Behavior\ReadHtmlCacheBehavior [ RunTime:0.000553s ]
INFO: [ app_begin ] --END-- [ RunTime:0.000628s ]
NOTIC: [8] Undefined index: arrgid /Users/danyuxi/Documents/WWW/mobilephone/App/Home/Controller/OrderController.class.php 第 23 行.
NOTIC: [2] implode(): Invalid arguments passed /Users/danyuxi/Documents/WWW/mobilephone/App/Home/Controller/OrderController.class.php 第 24 行.

[ 2017-10-27T11:46:07+08:00 ] ::1 /index.php/Home/order/confirm_order.html
INFO: [ app_init ] --START--
INFO: Run Behavior\BuildLiteBehavior [ RunTime:0.000018s ]
INFO: [ app_init ] --END-- [ RunTime:0.000383s ]
INFO: [ app_begin ] --START--
INFO: Run Behavior\ReadHtmlCacheBehavior [ RunTime:0.000476s ]
INFO: [ app_begin ] --END-- [ RunTime:0.000537s ]

[ 2017-10-27T11:46:15+08:00 ] ::1 /index.php/Home/order/confirm_order.html
INFO: [ app_init ] --START--
INFO: Run Behavior\BuildLiteBehavior [ RunTime:0.000019s ]
INFO: [ app_init ] --END-- [ RunTime:0.000394s ]
INFO: [ app_begin ] --START--
INFO: Run Behavior\ReadHtmlCacheBehavior [ RunTime:0.000477s ]
INFO: [ app_begin ] --END-- [ RunTime:0.000537s ]

[ 2017-10-27T11:56:30+08:00 ] ::1 /index.php/Home/order/confirm_order.html
INFO: [ app_init ] --START--
INFO: Run Behavior\BuildLiteBehavior [ RunTime:0.000026s ]
INFO: [ app_init ] --END-- [ RunTime:0.000501s ]
INFO: [ app_begin ] --START--
INFO: Run Behavior\ReadHtmlCacheBehavior [ RunTime:0.000782s ]
INFO: [ app_begin ] --END-- [ RunTime:0.000877s ]
SQL: SHOW COLUMNS FROM `goods` [ RunTime:0.0037s ]
SQL: select goods.price,cart.goodsnum from goods join cart on cart.gid=goods.id where goods.id=2 [ RunTime:0.0007s ]
SQL: select goods.price,cart.goodsnum from goods join cart on cart.gid=goods.id where goods.id=3 [ RunTime:0.0002s ]
SQL: SHOW COLUMNS FROM `address` [ RunTime:0.0015s ]
SQL: select * from address where uid=11 [ RunTime:0.0003s ]
INFO: [ view_parse ] --START--
INFO: [ template_filter ] --START--
INFO: Run Behavior\ContentReplaceBehavior [ RunTime:0.000081s ]
INFO: [ template_filter ] --END-- [ RunTime:0.000165s ]
NOTIC: [8] Undefined variable: gid /Users/danyuxi/Documents/WWW/mobilephone/App/Runtime/Cache/Home/d63237041aebe09151b8bcceef5a21d1.php 第 31 行.
INFO: Run Behavior\ParseTemplateBehavior [ RunTime:0.016634s ]
INFO: [ view_parse ] --END-- [ RunTime:0.016737s ]
INFO: [ view_filter ] --START--
INFO: Run Behavior\WriteHtmlCacheBehavior [ RunTime:0.000214s ]
INFO: [ view_filter ] --END-- [ RunTime:0.000269s ]
INFO: [ app_end ] --START--
INFO: Run Behavior\ShowPageTraceBehavior [ RunTime:0.000586s ]
INFO: [ app_end ] --END-- [ RunTime:0.000644s ]

[ 2017-10-27T11:56:38+08:00 ] ::1 /index.php/Home/order/return_state.html
INFO: [ app_init ] --START--
INFO: Run Behavior\BuildLiteBehavior [ RunTime:0.000034s ]
INFO: [ app_init ] --END-- [ RunTime:0.000611s ]
INFO: [ app_begin ] --START--
INFO: Run Behavior\ReadHtmlCacheBehavior [ RunTime:0.000663s ]
INFO: [ app_begin ] --END-- [ RunTime:0.000760s ]

[ 2017-10-27T11:57:56+08:00 ] ::1 /index.php/Home/order/return_state.html
INFO: [ app_init ] --START--
INFO: Run Behavior\BuildLiteBehavior [ RunTime:0.000018s ]
INFO: [ app_init ] --END-- [ RunTime:0.000411s ]
INFO: [ app_begin ] --START--
INFO: Run Behavior\ReadHtmlCacheBehavior [ RunTime:0.000665s ]
INFO: [ app_begin ] --END-- [ RunTime:0.000802s ]

[ 2017-10-27T11:58:01+08:00 ] ::1 /index.php/Home/order/confirm_order.html
INFO: [ app_init ] --START--
INFO: Run Behavior\BuildLiteBehavior [ RunTime:0.000016s ]
INFO: [ app_init ] --END-- [ RunTime:0.000367s ]
INFO: [ app_begin ] --START--
INFO: Run Behavior\ReadHtmlCacheBehavior [ RunTime:0.000468s ]
INFO: [ app_begin ] --END-- [ RunTime:0.000524s ]
NOTIC: [8] Undefined index: arrgid /Users/danyuxi/Documents/WWW/mobilephone/App/Home/Controller/OrderController.class.php 第 23 行.
NOTIC: [2] implode(): Invalid arguments passed /Users/danyuxi/Documents/WWW/mobilephone/App/Home/Controller/OrderController.class.php 第 24 行.
NOTIC: [2] Invalid argument supplied for foreach() /Users/danyuxi/Documents/WWW/mobilephone/App/Home/Controller/OrderController.class.php 第 30 行.
SQL: SHOW COLUMNS FROM `address` [ RunTime:0.0015s ]
SQL: select * from address where uid=11 [ RunTime:0.0002s ]
INFO: [ view_parse ] --START--
INFO: [ template_filter ] --START--
INFO: Run Behavior\ContentReplaceBehavior [ RunTime:0.000048s ]
INFO: [ template_filter ] --END-- [ RunTime:0.000117s ]
INFO: Run Behavior\ParseTemplateBehavior [ RunTime:0.013806s ]
INFO: [ view_parse ] --END-- [ RunTime:0.013891s ]
INFO: [ view_filter ] --START--
INFO: Run Behavior\WriteHtmlCacheBehavior [ RunTime:0.000226s ]
INFO: [ view_filter ] --END-- [ RunTime:0.000278s ]
INFO: [ app_end ] --START--
INFO: Run Behavior\ShowPageTraceBehavior [ RunTime:0.000568s ]
INFO: [ app_end ] --END-- [ RunTime:0.000624s ]

[ 2017-10-27T11:58:06+08:00 ] ::1 /index.php/Home/order/confirm_order.html
INFO: [ app_init ] --START--
INFO: Run Behavior\BuildLiteBehavior [ RunTime:0.000017s ]
INFO: [ app_init ] --END-- [ RunTime:0.000399s ]
INFO: [ app_begin ] --START--
INFO: Run Behavior\ReadHtmlCacheBehavior [ RunTime:0.000473s ]
INFO: [ app_begin ] --END-- [ RunTime:0.000530s ]
SQL: SHOW COLUMNS FROM `goods` [ RunTime:0.0016s ]
SQL: select goods.price,cart.goodsnum from goods join cart on cart.gid=goods.id where goods.id=2 [ RunTime:0.0002s ]
SQL: select goods.price,cart.goodsnum from goods join cart on cart.gid=goods.id where goods.id=3 [ RunTime:0.0002s ]
SQL: SHOW COLUMNS FROM `address` [ RunTime:0.0013s ]
SQL: select * from address where uid=11 [ RunTime:0.0003s ]
INFO: [ view_parse ] --START--
INFO: [ template_filter ] --START--
INFO: Run Behavior\ContentReplaceBehavior [ RunTime:0.000092s ]
INFO: [ template_filter ] --END-- [ RunTime:0.000232s ]
INFO: Run Behavior\ParseTemplateBehavior [ RunTime:0.013859s ]
INFO: [ view_parse ] --END-- [ RunTime:0.013940s ]
INFO: [ view_filter ] --START--
INFO: Run Behavior\WriteHtmlCacheBehavior [ RunTime:0.000225s ]
INFO: [ view_filter ] --END-- [ RunTime:0.000277s ]
INFO: [ app_end ] --START--
INFO: Run Behavior\ShowPageTraceBehavior [ RunTime:0.000546s ]
INFO: [ app_end ] --END-- [ RunTime:0.000603s ]

[ 2017-10-27T11:58:11+08:00 ] ::1 /index.php/Home/order/return_state.html
INFO: [ app_init ] --START--
INFO: Run Behavior\BuildLiteBehavior [ RunTime:0.000019s ]
INFO: [ app_init ] --END-- [ RunTime:0.000403s ]
INFO: [ app_begin ] --START--
INFO: Run Behavior\ReadHtmlCacheBehavior [ RunTime:0.000492s ]
INFO: [ app_begin ] --END-- [ RunTime:0.000551s ]

[ 2017-10-27T13:56:37+08:00 ] ::1 /index.php/Home/order/return_state.html
INFO: [ app_init ] --START--
INFO: Run Behavior\BuildLiteBehavior [ RunTime:0.000016s ]
INFO: [ app_init ] --END-- [ RunTime:0.000375s ]
INFO: [ app_begin ] --START--
INFO: Run Behavior\ReadHtmlCacheBehavior [ RunTime:0.000496s ]
INFO: [ app_begin ] --END-- [ RunTime:0.000557s ]

[ 2017-10-27T13:57:19+08:00 ] ::1 /index.php/Home/order/return_state.html
INFO: [ app_init ] --START--
INFO: Run Behavior\BuildLiteBehavior [ RunTime:0.000017s ]
INFO: [ app_init ] --END-- [ RunTime:0.000370s ]
INFO: [ app_begin ] --START--
INFO: Run Behavior\ReadHtmlCacheBehavior [ RunTime:0.000733s ]
INFO: [ app_begin ] --END-- [ RunTime:0.000840s ]
NOTIC: [8] Undefined index: strgid /Users/danyuxi/Documents/WWW/mobilephone/App/Home/Controller/OrderController.class.php 第 46 行.
NOTIC: [8] Undefined index: remark /Users/danyuxi/Documents/WWW/mobilephone/App/Home/Controller/OrderController.class.php 第 47 行.
SQL: SHOW COLUMNS FROM `address` [ RunTime:0.0035s ]
ERR: 1054:Unknown column '$uid' in 'where clause'
 [ SQL语句 ] : select * from address where uid=$uid
ERR: 1054:Unknown column '$uid' in 'where clause'
 [ SQL语句 ] : select * from address where uid=$uid

[ 2017-10-27T14:02:11+08:00 ] ::1 /index.php/Home/order/return_state.html
INFO: [ app_init ] --START--
INFO: Run Behavior\BuildLiteBehavior [ RunTime:0.000017s ]
INFO: [ app_init ] --END-- [ RunTime:0.000379s ]
INFO: [ app_begin ] --START--
INFO: Run Behavior\ReadHtmlCacheBehavior [ RunTime:0.000478s ]
INFO: [ app_begin ] --END-- [ RunTime:0.000537s ]
NOTIC: [8] Undefined index: strgid /Users/danyuxi/Documents/WWW/mobilephone/App/Home/Controller/OrderController.class.php 第 47 行.
NOTIC: [8] Undefined index: remark /Users/danyuxi/Documents/WWW/mobilephone/App/Home/Controller/OrderController.class.php 第 48 行.
SQL: SHOW COLUMNS FROM `address` [ RunTime:0.0036s ]
ERR: 1054:Unknown column '$uid' in 'where clause'
 [ SQL语句 ] : select * from address where uid=$uid
ERR: 1054:Unknown column '$uid' in 'where clause'
 [ SQL语句 ] : select * from address where uid=$uid

[ 2017-10-27T14:02:14+08:00 ] ::1 /index.php/Home/order/return_state.html
INFO: [ app_init ] --START--
INFO: Run Behavior\BuildLiteBehavior [ RunTime:0.000017s ]
INFO: [ app_init ] --END-- [ RunTime:0.000368s ]
INFO: [ app_begin ] --START--
INFO: Run Behavior\ReadHtmlCacheBehavior [ RunTime:0.000475s ]
INFO: [ app_begin ] --END-- [ RunTime:0.000531s ]
NOTIC: [8] Undefined index: strgid /Users/danyuxi/Documents/WWW/mobilephone/App/Home/Controller/OrderController.class.php 第 47 行.
NOTIC: [8] Undefined index: remark /Users/danyuxi/Documents/WWW/mobilephone/App/Home/Controller/OrderController.class.php 第 48 行.
SQL: SHOW COLUMNS FROM `address` [ RunTime:0.0034s ]
ERR: 1054:Unknown column '$uid' in 'where clause'
 [ SQL语句 ] : select * from address where uid=$uid
ERR: 1054:Unknown column '$uid' in 'where clause'
 [ SQL语句 ] : select * from address where uid=$uid

[ 2017-10-27T14:02:19+08:00 ] ::1 /index.php/Home/order/return_state.html
INFO: [ app_init ] --START--
INFO: Run Behavior\BuildLiteBehavior [ RunTime:0.000017s ]
INFO: [ app_init ] --END-- [ RunTime:0.000364s ]
INFO: [ app_begin ] --START--
INFO: Run Behavior\ReadHtmlCacheBehavior [ RunTime:0.000468s ]
INFO: [ app_begin ] --END-- [ RunTime:0.000525s ]
SQL: SHOW COLUMNS FROM `address` [ RunTime:0.0033s ]
ERR: 1054:Unknown column '$uid' in 'where clause'
 [ SQL语句 ] : select * from address where uid=$uid
ERR: 1054:Unknown column '$uid' in 'where clause'
 [ SQL语句 ] : select * from address where uid=$uid

[ 2017-10-27T14:02:42+08:00 ] ::1 /index.php/Home/order/return_state.html
INFO: [ app_init ] --START--
INFO: Run Behavior\BuildLiteBehavior [ RunTime:0.000019s ]
INFO: [ app_init ] --END-- [ RunTime:0.000383s ]
INFO: [ app_begin ] --START--
INFO: Run Behavior\ReadHtmlCacheBehavior [ RunTime:0.000483s ]
INFO: [ app_begin ] --END-- [ RunTime:0.000543s ]
SQL: SHOW COLUMNS FROM `address` [ RunTime:0.0039s ]
SQL: select * from address where uid=11 [ RunTime:0.0003s ]

[ 2017-10-27T14:03:25+08:00 ] ::1 /index.php/Home/order/return_state.html
INFO: [ app_init ] --START--
INFO: Run Behavior\BuildLiteBehavior [ RunTime:0.000017s ]
INFO: [ app_init ] --END-- [ RunTime:0.000375s ]
INFO: [ app_begin ] --START--
INFO: Run Behavior\ReadHtmlCacheBehavior [ RunTime:0.000557s ]
INFO: [ app_begin ] --END-- [ RunTime:0.000624s ]
NOTIC: [8] Undefined index: strgid /Users/danyuxi/Documents/WWW/mobilephone/App/Home/Controller/OrderController.class.php 第 47 行.
NOTIC: [8] Undefined index: remark /Users/danyuxi/Documents/WWW/mobilephone/App/Home/Controller/OrderController.class.php 第 48 行.
SQL: SHOW COLUMNS FROM `address` [ RunTime:0.0034s ]
SQL: select * from address where uid=11 [ RunTime:0.0003s ]

[ 2017-10-27T14:03:35+08:00 ] ::1 /index.php/Home/order/return_state.html
INFO: [ app_init ] --START--
INFO: Run Behavior\BuildLiteBehavior [ RunTime:0.000026s ]
INFO: [ app_init ] --END-- [ RunTime:0.000474s ]
INFO: [ app_begin ] --START--
INFO: Run Behavior\ReadHtmlCacheBehavior [ RunTime:0.000541s ]
INFO: [ app_begin ] --END-- [ RunTime:0.000604s ]
NOTIC: [8] Undefined index: strgid /Users/danyuxi/Documents/WWW/mobilephone/App/Home/Controller/OrderController.class.php 第 47 行.
NOTIC: [8] Undefined index: remark /Users/danyuxi/Documents/WWW/mobilephone/App/Home/Controller/OrderController.class.php 第 48 行.
SQL: SHOW COLUMNS FROM `address` [ RunTime:0.0034s ]
SQL: select * from address where uid=11 [ RunTime:0.0003s ]

[ 2017-10-27T14:03:51+08:00 ] ::1 /index.php/Home/order/return_state.html
INFO: [ app_init ] --START--
INFO: Run Behavior\BuildLiteBehavior [ RunTime:0.000026s ]
INFO: [ app_init ] --END-- [ RunTime:0.000567s ]
INFO: [ app_begin ] --START--
INFO: Run Behavior\ReadHtmlCacheBehavior [ RunTime:0.000554s ]
INFO: [ app_begin ] --END-- [ RunTime:0.000619s ]
NOTIC: [8] Undefined index: strgid /Users/danyuxi/Documents/WWW/mobilephone/App/Home/Controller/OrderController.class.php 第 47 行.
NOTIC: [8] Undefined index: remark /Users/danyuxi/Documents/WWW/mobilephone/App/Home/Controller/OrderController.class.php 第 48 行.
SQL: SHOW COLUMNS FROM `address` [ RunTime:0.0034s ]
SQL: select * from address where uid=11 [ RunTime:0.0003s ]

[ 2017-10-27T14:05:10+08:00 ] ::1 /index.php/Home/order/return_state.html
INFO: [ app_init ] --START--
INFO: Run Behavior\BuildLiteBehavior [ RunTime:0.000022s ]
INFO: [ app_init ] --END-- [ RunTime:0.000525s ]
INFO: [ app_begin ] --START--
INFO: Run Behavior\ReadHtmlCacheBehavior [ RunTime:0.000517s ]
INFO: [ app_begin ] --END-- [ RunTime:0.000578s ]
NOTIC: [8] Undefined index: strgid /Users/danyuxi/Documents/WWW/mobilephone/App/Home/Controller/OrderController.class.php 第 47 行.
NOTIC: [8] Undefined index: remark /Users/danyuxi/Documents/WWW/mobilephone/App/Home/Controller/OrderController.class.php 第 48 行.
SQL: SHOW COLUMNS FROM `address` [ RunTime:0.0036s ]
SQL: select * from address where uid=11 [ RunTime:0.0003s ]

[ 2017-10-27T14:05:43+08:00 ] ::1 /index.php/Home/order/return_state.html
INFO: [ app_init ] --START--
INFO: Run Behavior\BuildLiteBehavior [ RunTime:0.000016s ]
INFO: [ app_init ] --END-- [ RunTime:0.000367s ]
INFO: [ app_begin ] --START--
INFO: Run Behavior\ReadHtmlCacheBehavior [ RunTime:0.000674s ]
INFO: [ app_begin ] --END-- [ RunTime:0.000760s ]
NOTIC: [8] Undefined index: strgid /Users/danyuxi/Documents/WWW/mobilephone/App/Home/Controller/OrderController.class.php 第 47 行.
NOTIC: [8] Undefined index: remark /Users/danyuxi/Documents/WWW/mobilephone/App/Home/Controller/OrderController.class.php 第 48 行.
SQL: SHOW COLUMNS FROM `address` [ RunTime:0.0037s ]
SQL: select * from address where uid=11 [ RunTime:0.0003s ]

[ 2017-10-27T14:05:47+08:00 ] ::1 /index.php/Home/order/return_state.html
INFO: [ app_init ] --START--
INFO: Run Behavior\BuildLiteBehavior [ RunTime:0.000017s ]
INFO: [ app_init ] --END-- [ RunTime:0.000363s ]
INFO: [ app_begin ] --START--
INFO: Run Behavior\ReadHtmlCacheBehavior [ RunTime:0.000980s ]
INFO: [ app_begin ] --END-- [ RunTime:0.001093s ]
NOTIC: [8] Undefined index: strgid /Users/danyuxi/Documents/WWW/mobilephone/App/Home/Controller/OrderController.class.php 第 47 行.
NOTIC: [8] Undefined index: remark /Users/danyuxi/Documents/WWW/mobilephone/App/Home/Controller/OrderController.class.php 第 48 行.
SQL: SHOW COLUMNS FROM `address` [ RunTime:0.0035s ]
SQL: select * from address where uid=11 [ RunTime:0.0003s ]

[ 2017-10-27T14:05:48+08:00 ] ::1 /index.php/Home/order/return_state.html
INFO: [ app_init ] --START--
INFO: Run Behavior\BuildLiteBehavior [ RunTime:0.000021s ]
INFO: [ app_init ] --END-- [ RunTime:0.000462s ]
INFO: [ app_begin ] --START--
INFO: Run Behavior\ReadHtmlCacheBehavior [ RunTime:0.000668s ]
INFO: [ app_begin ] --END-- [ RunTime:0.000740s ]
NOTIC: [8] Undefined index: strgid /Users/danyuxi/Documents/WWW/mobilephone/App/Home/Controller/OrderController.class.php 第 47 行.
NOTIC: [8] Undefined index: remark /Users/danyuxi/Documents/WWW/mobilephone/App/Home/Controller/OrderController.class.php 第 48 行.
SQL: SHOW COLUMNS FROM `address` [ RunTime:0.0034s ]
SQL: select * from address where uid=11 [ RunTime:0.0003s ]

[ 2017-10-27T14:05:51+08:00 ] ::1 /index.php/Home/order/return_state.html
INFO: [ app_init ] --START--
INFO: Run Behavior\BuildLiteBehavior [ RunTime:0.000018s ]
INFO: [ app_init ] --END-- [ RunTime:0.000367s ]
INFO: [ app_begin ] --START--
INFO: Run Behavior\ReadHtmlCacheBehavior [ RunTime:0.000474s ]
INFO: [ app_begin ] --END-- [ RunTime:0.000532s ]
NOTIC: [8] Undefined index: strgid /Users/danyuxi/Documents/WWW/mobilephone/App/Home/Controller/OrderController.class.php 第 47 行.
NOTIC: [8] Undefined index: remark /Users/danyuxi/Documents/WWW/mobilephone/App/Home/Controller/OrderController.class.php 第 48 行.
SQL: SHOW COLUMNS FROM `address` [ RunTime:0.0033s ]
SQL: select * from address where uid=11 [ RunTime:0.0003s ]

[ 2017-10-27T14:05:52+08:00 ] ::1 /index.php/Home/order/return_state.html
INFO: [ app_init ] --START--
INFO: Run Behavior\BuildLiteBehavior [ RunTime:0.000021s ]
INFO: [ app_init ] --END-- [ RunTime:0.000498s ]
INFO: [ app_begin ] --START--
INFO: Run Behavior\ReadHtmlCacheBehavior [ RunTime:0.000748s ]
INFO: [ app_begin ] --END-- [ RunTime:0.000845s ]
NOTIC: [8] Undefined index: strgid /Users/danyuxi/Documents/WWW/mobilephone/App/Home/Controller/OrderController.class.php 第 47 行.
NOTIC: [8] Undefined index: remark /Users/danyuxi/Documents/WWW/mobilephone/App/Home/Controller/OrderController.class.php 第 48 行.
SQL: SHOW COLUMNS FROM `address` [ RunTime:0.0034s ]
SQL: select * from address where uid=11 [ RunTime:0.0003s ]

[ 2017-10-27T15:55:35+08:00 ] ::1 /index.php/Home/order/return_state.html
INFO: [ app_init ] --START--
INFO: Run Behavior\BuildLiteBehavior [ RunTime:0.000038s ]
INFO: [ app_init ] --END-- [ RunTime:0.001045s ]
INFO: [ app_begin ] --START--
INFO: Run Behavior\ReadHtmlCacheBehavior [ RunTime:0.000898s ]
INFO: [ app_begin ] --END-- [ RunTime:0.000992s ]
NOTIC: [8] Undefined index: strgid /Users/danyuxi/Documents/WWW/mobilephone/App/Home/Controller/OrderController.class.php 第 47 行.
NOTIC: [8] Undefined index: remark /Users/danyuxi/Documents/WWW/mobilephone/App/Home/Controller/OrderController.class.php 第 48 行.
SQL: SHOW COLUMNS FROM `address` [ RunTime:0.0018s ]
SQL: select * from address where uid=11 [ RunTime:0.0002s ]
SQL: SHOW COLUMNS FROM `goods` [ RunTime:0.0016s ]
ERR: 1054:Unknown column '$v' in 'where clause'
 [ SQL语句 ] : select * from goods where id=$v
ERR: 1054:Unknown column '$v' in 'where clause'
 [ SQL语句 ] : select * from goods where id=$v

[ 2017-10-27T15:55:51+08:00 ] ::1 /index.php/Home/order/return_state.html
INFO: [ app_init ] --START--
INFO: Run Behavior\BuildLiteBehavior [ RunTime:0.000027s ]
INFO: [ app_init ] --END-- [ RunTime:0.000551s ]
INFO: [ app_begin ] --START--
INFO: Run Behavior\ReadHtmlCacheBehavior [ RunTime:0.000602s ]
INFO: [ app_begin ] --END-- [ RunTime:0.000679s ]
NOTIC: [8] Undefined index: strgid /Users/danyuxi/Documents/WWW/mobilephone/App/Home/Controller/OrderController.class.php 第 47 行.
NOTIC: [8] Undefined index: remark /Users/danyuxi/Documents/WWW/mobilephone/App/Home/Controller/OrderController.class.php 第 48 行.
SQL: SHOW COLUMNS FROM `address` [ RunTime:0.0031s ]
SQL: select * from address where uid=11 [ RunTime:0.0002s ]
SQL: SHOW COLUMNS FROM `goods` [ RunTime:0.0015s ]
ERR: 1054:Unknown column '$v' in 'where clause'
 [ SQL语句 ] : select * from goods where id=$v
ERR: 1054:Unknown column '$v' in 'where clause'
 [ SQL语句 ] : select * from goods where id=$v

[ 2017-10-27T15:55:57+08:00 ] ::1 /index.php/Home/
INFO: [ app_init ] --START--
INFO: Run Behavior\BuildLiteBehavior [ RunTime:0.000028s ]
INFO: [ app_init ] --END-- [ RunTime:0.000540s ]
INFO: [ app_begin ] --START--
INFO: Run Behavior\ReadHtmlCacheBehavior [ RunTime:0.000574s ]
INFO: [ app_begin ] --END-- [ RunTime:0.000644s ]
INFO: [ view_parse ] --START--
INFO: [ template_filter ] --START--
INFO: Run Behavior\ContentReplaceBehavior [ RunTime:0.000114s ]
INFO: [ template_filter ] --END-- [ RunTime:0.000189s ]
INFO: Run Behavior\ParseTemplateBehavior [ RunTime:0.015169s ]
INFO: [ view_parse ] --END-- [ RunTime:0.015258s ]
INFO: [ view_filter ] --START--
INFO: Run Behavior\WriteHtmlCacheBehavior [ RunTime:0.000461s ]
INFO: [ view_filter ] --END-- [ RunTime:0.000525s ]
INFO: [ app_end ] --START--
INFO: Run Behavior\ShowPageTraceBehavior [ RunTime:0.001095s ]
INFO: [ app_end ] --END-- [ RunTime:0.001210s ]

[ 2017-10-27T15:56:00+08:00 ] ::1 /index.php/Home/usercenter/user.html
INFO: [ app_init ] --START--
INFO: Run Behavior\BuildLiteBehavior [ RunTime:0.000017s ]
INFO: [ app_init ] --END-- [ RunTime:0.000373s ]
INFO: [ app_begin ] --START--
INFO: Run Behavior\ReadHtmlCacheBehavior [ RunTime:0.000476s ]
INFO: [ app_begin ] --END-- [ RunTime:0.000533s ]
INFO: [ view_parse ] --START--
INFO: [ template_filter ] --START--
INFO: Run Behavior\ContentReplaceBehavior [ RunTime:0.000050s ]
INFO: [ template_filter ] --END-- [ RunTime:0.000120s ]
INFO: Run Behavior\ParseTemplateBehavior [ RunTime:0.008953s ]
INFO: [ view_parse ] --END-- [ RunTime:0.009072s ]
INFO: [ view_filter ] --START--
INFO: Run Behavior\WriteHtmlCacheBehavior [ RunTime:0.000264s ]
INFO: [ view_filter ] --END-- [ RunTime:0.000342s ]
INFO: [ app_end ] --START--
INFO: Run Behavior\ShowPageTraceBehavior [ RunTime:0.000754s ]
INFO: [ app_end ] --END-- [ RunTime:0.000841s ]

[ 2017-10-27T15:56:01+08:00 ] ::1 /index.php/Home/goods/category.html
INFO: [ app_init ] --START--
INFO: Run Behavior\BuildLiteBehavior [ RunTime:0.000015s ]
INFO: [ app_init ] --END-- [ RunTime:0.000362s ]
INFO: [ app_begin ] --START--
INFO: Run Behavior\ReadHtmlCacheBehavior [ RunTime:0.000598s ]
INFO: [ app_begin ] --END-- [ RunTime:0.000678s ]
SQL: SHOW COLUMNS FROM `type` [ RunTime:0.0018s ]
SQL: select name,id from type where pid="0" [ RunTime:0.0003s ]
SQL: select name,id from type where pid="1" [ RunTime:0.0002s ]
INFO: [ view_parse ] --START--
INFO: [ template_filter ] --START--
INFO: Run Behavior\ContentReplaceBehavior [ RunTime:0.000057s ]
INFO: [ template_filter ] --END-- [ RunTime:0.000135s ]
INFO: Run Behavior\ParseTemplateBehavior [ RunTime:0.021652s ]
INFO: [ view_parse ] --END-- [ RunTime:0.021743s ]
INFO: [ view_filter ] --START--
INFO: Run Behavior\WriteHtmlCacheBehavior [ RunTime:0.000205s ]
INFO: [ view_filter ] --END-- [ RunTime:0.000257s ]
INFO: [ app_end ] --START--
INFO: Run Behavior\ShowPageTraceBehavior [ RunTime:0.000566s ]
INFO: [ app_end ] --END-- [ RunTime:0.000624s ]

[ 2017-10-27T15:56:02+08:00 ] ::1 /index.php/Home/goods/categorylist/id/14.html
INFO: [ app_init ] --START--
INFO: Run Behavior\BuildLiteBehavior [ RunTime:0.000016s ]
INFO: [ app_init ] --END-- [ RunTime:0.000370s ]
INFO: [ app_begin ] --START--
INFO: Run Behavior\ReadHtmlCacheBehavior [ RunTime:0.000479s ]
INFO: [ app_begin ] --END-- [ RunTime:0.000535s ]
SQL: SHOW COLUMNS FROM `goods` [ RunTime:0.0034s ]
SQL: select * from goods where typeid='14' order BY id asc [ RunTime:0.0003s ]
INFO: [ view_parse ] --START--
INFO: [ template_filter ] --START--
INFO: Run Behavior\ContentReplaceBehavior [ RunTime:0.000062s ]
INFO: [ template_filter ] --END-- [ RunTime:0.000136s ]
INFO: Run Behavior\ParseTemplateBehavior [ RunTime:0.023720s ]
INFO: [ view_parse ] --END-- [ RunTime:0.023822s ]
INFO: [ view_filter ] --START--
INFO: Run Behavior\WriteHtmlCacheBehavior [ RunTime:0.000268s ]
INFO: [ view_filter ] --END-- [ RunTime:0.000341s ]
INFO: [ app_end ] --START--
INFO: Run Behavior\ShowPageTraceBehavior [ RunTime:0.000886s ]
INFO: [ app_end ] --END-- [ RunTime:0.000990s ]

[ 2017-10-27T15:56:03+08:00 ] ::1 /index.php/Home/cart/cart.html
INFO: [ app_init ] --START--
INFO: Run Behavior\BuildLiteBehavior [ RunTime:0.000018s ]
INFO: [ app_init ] --END-- [ RunTime:0.000385s ]
INFO: [ app_begin ] --START--
INFO: Run Behavior\ReadHtmlCacheBehavior [ RunTime:0.000494s ]
INFO: [ app_begin ] --END-- [ RunTime:0.000552s ]
SQL: SHOW COLUMNS FROM `cart` [ RunTime:0.0015s ]
SQL: select cart.gid,cart.id,cart.goodsnum,goods.picname,goods.goodsname,goods.price,goods.oldprice from cart join goods on cart.gid=goods.id where cart.uid=11 [ RunTime:0.0002s ]
INFO: [ view_parse ] --START--
INFO: [ template_filter ] --START--
INFO: Run Behavior\ContentReplaceBehavior [ RunTime:0.000068s ]
INFO: [ template_filter ] --END-- [ RunTime:0.000153s ]
INFO: Run Behavior\ParseTemplateBehavior [ RunTime:0.029926s ]
INFO: [ view_parse ] --END-- [ RunTime:0.030010s ]
INFO: [ view_filter ] --START--
INFO: Run Behavior\WriteHtmlCacheBehavior [ RunTime:0.000192s ]
INFO: [ view_filter ] --END-- [ RunTime:0.000244s ]
INFO: [ app_end ] --START--
INFO: Run Behavior\ShowPageTraceBehavior [ RunTime:0.000781s ]
INFO: [ app_end ] --END-- [ RunTime:0.000866s ]

[ 2017-10-27T15:56:18+08:00 ] ::1 /index.php/Home/cart/cart_increment.html
INFO: [ app_init ] --START--
INFO: Run Behavior\BuildLiteBehavior [ RunTime:0.000026s ]
INFO: [ app_init ] --END-- [ RunTime:0.000492s ]
INFO: [ app_begin ] --START--
INFO: Run Behavior\ReadHtmlCacheBehavior [ RunTime:0.000521s ]
INFO: [ app_begin ] --END-- [ RunTime:0.000636s ]
SQL: SHOW COLUMNS FROM `cart` [ RunTime:0.0034s ]
SQL: select goodsnum from cart where uid=11 and gid=7 [ RunTime:0.0005s ]
SQL: update cart set goodsnum=15 where uid=11 and gid=7 [ RunTime:0.0040s ]

[ 2017-10-27T15:56:19+08:00 ] ::1 /index.php/Home/cart/cart_increment.html
INFO: [ app_init ] --START--
INFO: Run Behavior\BuildLiteBehavior [ RunTime:0.000028s ]
INFO: [ app_init ] --END-- [ RunTime:0.000661s ]
INFO: [ app_begin ] --START--
INFO: Run Behavior\ReadHtmlCacheBehavior [ RunTime:0.000638s ]
INFO: [ app_begin ] --END-- [ RunTime:0.000714s ]
SQL: SHOW COLUMNS FROM `cart` [ RunTime:0.0034s ]
SQL: select goodsnum from cart where uid=11 and gid=7 [ RunTime:0.0006s ]
SQL: update cart set goodsnum=16 where uid=11 and gid=7 [ RunTime:0.0006s ]

[ 2017-10-27T15:56:19+08:00 ] ::1 /index.php/Home/cart/cart_increment.html
INFO: [ app_init ] --START--
INFO: Run Behavior\BuildLiteBehavior [ RunTime:0.000018s ]
INFO: [ app_init ] --END-- [ RunTime:0.000386s ]
INFO: [ app_begin ] --START--
INFO: Run Behavior\ReadHtmlCacheBehavior [ RunTime:0.000500s ]
INFO: [ app_begin ] --END-- [ RunTime:0.000556s ]
SQL: SHOW COLUMNS FROM `cart` [ RunTime:0.0032s ]
SQL: select goodsnum from cart where uid=11 and gid=7 [ RunTime:0.0005s ]
SQL: update cart set goodsnum=17 where uid=11 and gid=7 [ RunTime:0.0008s ]

[ 2017-10-27T15:56:19+08:00 ] ::1 /index.php/Home/cart/cart_increment.html
INFO: [ app_init ] --START--
INFO: Run Behavior\BuildLiteBehavior [ RunTime:0.000016s ]
INFO: [ app_init ] --END-- [ RunTime:0.000364s ]
INFO: [ app_begin ] --START--
INFO: Run Behavior\ReadHtmlCacheBehavior [ RunTime:0.000466s ]
INFO: [ app_begin ] --END-- [ RunTime:0.000517s ]
SQL: SHOW COLUMNS FROM `cart` [ RunTime:0.0034s ]
SQL: select goodsnum from cart where uid=11 and gid=7 [ RunTime:0.0005s ]
SQL: update cart set goodsnum=18 where uid=11 and gid=7 [ RunTime:0.0006s ]

[ 2017-10-27T15:56:27+08:00 ] ::1 /index.php/Home/cart/cart_increment.html
INFO: [ app_init ] --START--
INFO: Run Behavior\BuildLiteBehavior [ RunTime:0.000026s ]
INFO: [ app_init ] --END-- [ RunTime:0.000492s ]
INFO: [ app_begin ] --START--
INFO: Run Behavior\ReadHtmlCacheBehavior [ RunTime:0.000573s ]
INFO: [ app_begin ] --END-- [ RunTime:0.000639s ]
SQL: SHOW COLUMNS FROM `cart` [ RunTime:0.0036s ]
SQL: select goodsnum from cart where uid=11 and gid=7 [ RunTime:0.0005s ]
SQL: update cart set goodsnum=19 where uid=11 and gid=7 [ RunTime:0.0006s ]

[ 2017-10-27T15:56:27+08:00 ] ::1 /index.php/Home/cart/cart_increment.html
INFO: [ app_init ] --START--
INFO: Run Behavior\BuildLiteBehavior [ RunTime:0.000020s ]
INFO: [ app_init ] --END-- [ RunTime:0.000418s ]
INFO: [ app_begin ] --START--
INFO: Run Behavior\ReadHtmlCacheBehavior [ RunTime:0.000587s ]
INFO: [ app_begin ] --END-- [ RunTime:0.000667s ]
SQL: SHOW COLUMNS FROM `cart` [ RunTime:0.0038s ]
SQL: select goodsnum from cart where uid=11 and gid=7 [ RunTime:0.0007s ]
SQL: update cart set goodsnum=20 where uid=11 and gid=7 [ RunTime:0.0009s ]

[ 2017-10-27T15:56:28+08:00 ] ::1 /index.php/Home/cart/cart_increment.html
INFO: [ app_init ] --START--
INFO: Run Behavior\BuildLiteBehavior [ RunTime:0.000017s ]
INFO: [ app_init ] --END-- [ RunTime:0.000372s ]
INFO: [ app_begin ] --START--
INFO: Run Behavior\ReadHtmlCacheBehavior [ RunTime:0.000469s ]
INFO: [ app_begin ] --END-- [ RunTime:0.000521s ]
SQL: SHOW COLUMNS FROM `cart` [ RunTime:0.0030s ]
SQL: select goodsnum from cart where uid=11 and gid=7 [ RunTime:0.0005s ]
SQL: update cart set goodsnum=21 where uid=11 and gid=7 [ RunTime:0.0006s ]

[ 2017-10-27T15:57:02+08:00 ] ::1 /index.php/Home/cart/cart_increment.html
INFO: [ app_init ] --START--
INFO: Run Behavior\BuildLiteBehavior [ RunTime:0.000034s ]
INFO: [ app_init ] --END-- [ RunTime:0.000688s ]
INFO: [ app_begin ] --START--
INFO: Run Behavior\ReadHtmlCacheBehavior [ RunTime:0.000711s ]
INFO: [ app_begin ] --END-- [ RunTime:0.000791s ]
SQL: SHOW COLUMNS FROM `cart` [ RunTime:0.0033s ]
SQL: select goodsnum from cart where uid=11 and gid=7 [ RunTime:0.0005s ]
SQL: update cart set goodsnum=22 where uid=11 and gid=7 [ RunTime:0.0006s ]

[ 2017-10-27T15:57:04+08:00 ] ::1 /index.php/Home/cart/cart_increment.html
INFO: [ app_init ] --START--
INFO: Run Behavior\BuildLiteBehavior [ RunTime:0.000017s ]
INFO: [ app_init ] --END-- [ RunTime:0.000365s ]
INFO: [ app_begin ] --START--
INFO: Run Behavior\ReadHtmlCacheBehavior [ RunTime:0.000474s ]
INFO: [ app_begin ] --END-- [ RunTime:0.000526s ]
SQL: SHOW COLUMNS FROM `cart` [ RunTime:0.0036s ]
SQL: select goodsnum from cart where uid=11 and gid=7 [ RunTime:0.0005s ]
SQL: update cart set goodsnum=23 where uid=11 and gid=7 [ RunTime:0.0006s ]

[ 2017-10-27T15:57:28+08:00 ] ::1 /index.php/Home/cart/cart_increment.html
INFO: [ app_init ] --START--
INFO: Run Behavior\BuildLiteBehavior [ RunTime:0.000017s ]
INFO: [ app_init ] --END-- [ RunTime:0.000372s ]
INFO: [ app_begin ] --START--
INFO: Run Behavior\ReadHtmlCacheBehavior [ RunTime:0.000577s ]
INFO: [ app_begin ] --END-- [ RunTime:0.000668s ]
SQL: SHOW COLUMNS FROM `cart` [ RunTime:0.0043s ]
SQL: select goodsnum from cart where uid=11 and gid=7 [ RunTime:0.0005s ]
SQL: update cart set goodsnum=24 where uid=11 and gid=7 [ RunTime:0.0006s ]

[ 2017-10-27T15:57:28+08:00 ] ::1 /index.php/Home/cart/cart_increment.html
INFO: [ app_init ] --START--
INFO: Run Behavior\BuildLiteBehavior [ RunTime:0.000018s ]
INFO: [ app_init ] --END-- [ RunTime:0.000371s ]
INFO: [ app_begin ] --START--
INFO: Run Behavior\ReadHtmlCacheBehavior [ RunTime:0.000477s ]
INFO: [ app_begin ] --END-- [ RunTime:0.000529s ]
SQL: SHOW COLUMNS FROM `cart` [ RunTime:0.0030s ]
SQL: select goodsnum from cart where uid=11 and gid=7 [ RunTime:0.0006s ]
SQL: update cart set goodsnum=25 where uid=11 and gid=7 [ RunTime:0.0007s ]

[ 2017-10-27T15:57:29+08:00 ] ::1 /index.php/Home/cart/cart_increment.html
INFO: [ app_init ] --START--
INFO: Run Behavior\BuildLiteBehavior [ RunTime:0.000022s ]
INFO: [ app_init ] --END-- [ RunTime:0.000456s ]
INFO: [ app_begin ] --START--
INFO: Run Behavior\ReadHtmlCacheBehavior [ RunTime:0.000530s ]
INFO: [ app_begin ] --END-- [ RunTime:0.000592s ]
SQL: SHOW COLUMNS FROM `cart` [ RunTime:0.0034s ]
SQL: select goodsnum from cart where uid=11 and gid=7 [ RunTime:0.0005s ]
SQL: update cart set goodsnum=26 where uid=11 and gid=7 [ RunTime:0.0006s ]

[ 2017-10-27T15:57:29+08:00 ] ::1 /index.php/Home/cart/cart_increment.html
INFO: [ app_init ] --START--
INFO: Run Behavior\BuildLiteBehavior [ RunTime:0.000022s ]
INFO: [ app_init ] --END-- [ RunTime:0.000597s ]
INFO: [ app_begin ] --START--
INFO: Run Behavior\ReadHtmlCacheBehavior [ RunTime:0.000572s ]
INFO: [ app_begin ] --END-- [ RunTime:0.000640s ]
SQL: SHOW COLUMNS FROM `cart` [ RunTime:0.0033s ]
SQL: select goodsnum from cart where uid=11 and gid=7 [ RunTime:0.0005s ]
SQL: update cart set goodsnum=27 where uid=11 and gid=7 [ RunTime:0.0006s ]

[ 2017-10-27T16:36:07+08:00 ] ::1 /index.php/Home/login/register
INFO: [ app_init ] --START--
INFO: Run Behavior\BuildLiteBehavior [ RunTime:0.000031s ]
INFO: [ app_init ] --END-- [ RunTime:0.000791s ]
INFO: [ app_begin ] --START--
INFO: Run Behavior\ReadHtmlCacheBehavior [ RunTime:0.000834s ]
INFO: [ app_begin ] --END-- [ RunTime:0.000916s ]
INFO: [ view_parse ] --START--
INFO: [ template_filter ] --START--
INFO: Run Behavior\ContentReplaceBehavior [ RunTime:0.000088s ]
INFO: [ template_filter ] --END-- [ RunTime:0.000176s ]
INFO: Run Behavior\ParseTemplateBehavior [ RunTime:0.013578s ]
INFO: [ view_parse ] --END-- [ RunTime:0.013675s ]
INFO: [ view_filter ] --START--
INFO: Run Behavior\WriteHtmlCacheBehavior [ RunTime:0.000427s ]
INFO: [ view_filter ] --END-- [ RunTime:0.000503s ]
INFO: [ app_end ] --START--
INFO: Run Behavior\ShowPageTraceBehavior [ RunTime:0.001053s ]
INFO: [ app_end ] --END-- [ RunTime:0.001147s ]

[ 2017-10-27T16:36:10+08:00 ] ::1 /index.php/Home/usercenter/user.html
INFO: [ app_init ] --START--
INFO: Run Behavior\BuildLiteBehavior [ RunTime:0.000018s ]
INFO: [ app_init ] --END-- [ RunTime:0.000392s ]
INFO: [ app_begin ] --START--
INFO: Run Behavior\ReadHtmlCacheBehavior [ RunTime:0.000501s ]
INFO: [ app_begin ] --END-- [ RunTime:0.000565s ]
NOTIC: [8] Undefined index: uid /Users/danyuxi/Documents/WWW/mobilephone/App/Home/Controller/UsercenterController.class.php 第 16 行.

[ 2017-10-27T16:36:12+08:00 ] ::1 /index.php/Home/login/login.html
INFO: [ app_init ] --START--
INFO: Run Behavior\BuildLiteBehavior [ RunTime:0.000021s ]
INFO: [ app_init ] --END-- [ RunTime:0.000434s ]
INFO: [ app_begin ] --START--
INFO: Run Behavior\ReadHtmlCacheBehavior [ RunTime:0.000551s ]
INFO: [ app_begin ] --END-- [ RunTime:0.000627s ]
INFO: [ view_parse ] --START--
INFO: [ template_filter ] --START--
INFO: Run Behavior\ContentReplaceBehavior [ RunTime:0.000053s ]
INFO: [ template_filter ] --END-- [ RunTime:0.000127s ]
INFO: Run Behavior\ParseTemplateBehavior [ RunTime:0.011223s ]
INFO: [ view_parse ] --END-- [ RunTime:0.011322s ]
INFO: [ view_filter ] --START--
INFO: Run Behavior\WriteHtmlCacheBehavior [ RunTime:0.000267s ]
INFO: [ view_filter ] --END-- [ RunTime:0.000389s ]
INFO: [ app_end ] --START--
INFO: Run Behavior\ShowPageTraceBehavior [ RunTime:0.000767s ]
INFO: [ app_end ] --END-- [ RunTime:0.000905s ]

[ 2017-10-27T16:36:25+08:00 ] ::1 /index.php/Home/login/logindata.html
INFO: [ app_init ] --START--
INFO: Run Behavior\BuildLiteBehavior [ RunTime:0.000026s ]
INFO: [ app_init ] --END-- [ RunTime:0.000469s ]
INFO: [ app_begin ] --START--
INFO: Run Behavior\ReadHtmlCacheBehavior [ RunTime:0.000536s ]
INFO: [ app_begin ] --END-- [ RunTime:0.000600s ]
SQL: SHOW COLUMNS FROM `user` [ RunTime:0.0098s ]
SQL: SELECT `password`,`id` FROM `user` WHERE ( username='duanyuxi' ) LIMIT 1   [ RunTime:0.0014s ]

[ 2017-10-27T16:36:26+08:00 ] ::1 /index.php/Home/login/login.html
INFO: [ app_init ] --START--
INFO: Run Behavior\BuildLiteBehavior [ RunTime:0.000018s ]
INFO: [ app_init ] --END-- [ RunTime:0.000387s ]
INFO: [ app_begin ] --START--
INFO: Run Behavior\ReadHtmlCacheBehavior [ RunTime:0.000620s ]
INFO: [ app_begin ] --END-- [ RunTime:0.000687s ]
INFO: [ view_parse ] --START--
INFO: [ template_filter ] --START--
INFO: Run Behavior\ContentReplaceBehavior [ RunTime:0.000074s ]
INFO: [ template_filter ] --END-- [ RunTime:0.000147s ]
INFO: Run Behavior\ParseTemplateBehavior [ RunTime:0.009851s ]
INFO: [ view_parse ] --END-- [ RunTime:0.009918s ]
INFO: [ view_filter ] --START--
INFO: Run Behavior\WriteHtmlCacheBehavior [ RunTime:0.000188s ]
INFO: [ view_filter ] --END-- [ RunTime:0.000246s ]
INFO: [ app_end ] --START--
INFO: Run Behavior\ShowPageTraceBehavior [ RunTime:0.000743s ]
INFO: [ app_end ] --END-- [ RunTime:0.000824s ]

[ 2017-10-27T16:36:36+08:00 ] ::1 /index.php/Home/login/logindata.html
INFO: [ app_init ] --START--
INFO: Run Behavior\BuildLiteBehavior [ RunTime:0.000035s ]
INFO: [ app_init ] --END-- [ RunTime:0.000661s ]
INFO: [ app_begin ] --START--
INFO: Run Behavior\ReadHtmlCacheBehavior [ RunTime:0.000677s ]
INFO: [ app_begin ] --END-- [ RunTime:0.000762s ]
SQL: SHOW COLUMNS FROM `user` [ RunTime:0.0014s ]
SQL: SELECT `password`,`id` FROM `user` WHERE ( username='17739386767' ) LIMIT 1   [ RunTime:0.0004s ]

[ 2017-10-27T16:36:37+08:00 ] ::1 /index.php/Home/login/login.html
INFO: [ app_init ] --START--
INFO: Run Behavior\BuildLiteBehavior [ RunTime:0.000016s ]
INFO: [ app_init ] --END-- [ RunTime:0.000358s ]
INFO: [ app_begin ] --START--
INFO: Run Behavior\ReadHtmlCacheBehavior [ RunTime:0.000465s ]
INFO: [ app_begin ] --END-- [ RunTime:0.000523s ]
INFO: [ view_parse ] --START--
INFO: [ template_filter ] --START--
INFO: Run Behavior\ContentReplaceBehavior [ RunTime:0.000075s ]
INFO: [ template_filter ] --END-- [ RunTime:0.000159s ]
INFO: Run Behavior\ParseTemplateBehavior [ RunTime:0.009820s ]
INFO: [ view_parse ] --END-- [ RunTime:0.009901s ]
INFO: [ view_filter ] --START--
INFO: Run Behavior\WriteHtmlCacheBehavior [ RunTime:0.000190s ]
INFO: [ view_filter ] --END-- [ RunTime:0.000243s ]
INFO: [ app_end ] --START--
INFO: Run Behavior\ShowPageTraceBehavior [ RunTime:0.000557s ]
INFO: [ app_end ] --END-- [ RunTime:0.000619s ]

[ 2017-10-27T16:36:46+08:00 ] ::1 /index.php/Home/login/logindata.html
INFO: [ app_init ] --START--
INFO: Run Behavior\BuildLiteBehavior [ RunTime:0.000026s ]
INFO: [ app_init ] --END-- [ RunTime:0.000477s ]
INFO: [ app_begin ] --START--
INFO: Run Behavior\ReadHtmlCacheBehavior [ RunTime:0.000934s ]
INFO: [ app_begin ] --END-- [ RunTime:0.001025s ]
SQL: SHOW COLUMNS FROM `user` [ RunTime:0.0023s ]
SQL: SELECT `password`,`id` FROM `user` WHERE ( username='duanyuxi' ) LIMIT 1   [ RunTime:0.0002s ]

[ 2017-10-27T16:36:46+08:00 ] ::1 /index.php/Home/index/index.html
INFO: [ app_init ] --START--
INFO: Run Behavior\BuildLiteBehavior [ RunTime:0.000018s ]
INFO: [ app_init ] --END-- [ RunTime:0.000405s ]
INFO: [ app_begin ] --START--
INFO: Run Behavior\ReadHtmlCacheBehavior [ RunTime:0.000517s ]
INFO: [ app_begin ] --END-- [ RunTime:0.000581s ]
INFO: [ view_parse ] --START--
INFO: [ template_filter ] --START--
INFO: Run Behavior\ContentReplaceBehavior [ RunTime:0.000110s ]
INFO: [ template_filter ] --END-- [ RunTime:0.000196s ]
INFO: Run Behavior\ParseTemplateBehavior [ RunTime:0.014208s ]
INFO: [ view_parse ] --END-- [ RunTime:0.014326s ]
INFO: [ view_filter ] --START--
INFO: Run Behavior\WriteHtmlCacheBehavior [ RunTime:0.000214s ]
INFO: [ view_filter ] --END-- [ RunTime:0.000272s ]
INFO: [ app_end ] --START--
INFO: Run Behavior\ShowPageTraceBehavior [ RunTime:0.000971s ]
INFO: [ app_end ] --END-- [ RunTime:0.001093s ]

[ 2017-10-27T16:36:48+08:00 ] ::1 /index.php/Home/usercenter/user.html
INFO: [ app_init ] --START--
INFO: Run Behavior\BuildLiteBehavior [ RunTime:0.000016s ]
INFO: [ app_init ] --END-- [ RunTime:0.000374s ]
INFO: [ app_begin ] --START--
INFO: Run Behavior\ReadHtmlCacheBehavior [ RunTime:0.000475s ]
INFO: [ app_begin ] --END-- [ RunTime:0.000533s ]
INFO: [ view_parse ] --START--
INFO: [ template_filter ] --START--
INFO: Run Behavior\ContentReplaceBehavior [ RunTime:0.000051s ]
INFO: [ template_filter ] --END-- [ RunTime:0.000129s ]
INFO: Run Behavior\ParseTemplateBehavior [ RunTime:0.010593s ]
INFO: [ view_parse ] --END-- [ RunTime:0.010688s ]
INFO: [ view_filter ] --START--
INFO: Run Behavior\WriteHtmlCacheBehavior [ RunTime:0.000181s ]
INFO: [ view_filter ] --END-- [ RunTime:0.000284s ]
INFO: [ app_end ] --START--
INFO: Run Behavior\ShowPageTraceBehavior [ RunTime:0.000550s ]
INFO: [ app_end ] --END-- [ RunTime:0.000610s ]

[ 2017-10-27T16:36:50+08:00 ] ::1 /index.php/Home/goods/category.html
INFO: [ app_init ] --START--
INFO: Run Behavior\BuildLiteBehavior [ RunTime:0.000017s ]
INFO: [ app_init ] --END-- [ RunTime:0.000363s ]
INFO: [ app_begin ] --START--
INFO: Run Behavior\ReadHtmlCacheBehavior [ RunTime:0.000475s ]
INFO: [ app_begin ] --END-- [ RunTime:0.000534s ]
SQL: SHOW COLUMNS FROM `type` [ RunTime:0.0046s ]
SQL: select name,id from type where pid="0" [ RunTime:0.0006s ]
SQL: select name,id from type where pid="1" [ RunTime:0.0004s ]
INFO: [ view_parse ] --START--
INFO: [ template_filter ] --START--
INFO: Run Behavior\ContentReplaceBehavior [ RunTime:0.000077s ]
INFO: [ template_filter ] --END-- [ RunTime:0.000173s ]
INFO: Run Behavior\ParseTemplateBehavior [ RunTime:0.035127s ]
INFO: [ view_parse ] --END-- [ RunTime:0.035219s ]
INFO: [ view_filter ] --START--
INFO: Run Behavior\WriteHtmlCacheBehavior [ RunTime:0.000210s ]
INFO: [ view_filter ] --END-- [ RunTime:0.000278s ]
INFO: [ app_end ] --START--
INFO: Run Behavior\ShowPageTraceBehavior [ RunTime:0.000677s ]
INFO: [ app_end ] --END-- [ RunTime:0.000745s ]

[ 2017-10-27T16:36:51+08:00 ] ::1 /index.php/Home/goods/categorylist/id/14.html
INFO: [ app_init ] --START--
INFO: Run Behavior\BuildLiteBehavior [ RunTime:0.000017s ]
INFO: [ app_init ] --END-- [ RunTime:0.000368s ]
INFO: [ app_begin ] --START--
INFO: Run Behavior\ReadHtmlCacheBehavior [ RunTime:0.000476s ]
INFO: [ app_begin ] --END-- [ RunTime:0.000533s ]
SQL: SHOW COLUMNS FROM `goods` [ RunTime:0.0031s ]
SQL: select * from goods where typeid='14' order BY id asc [ RunTime:0.0010s ]
INFO: [ view_parse ] --START--
INFO: [ template_filter ] --START--
INFO: Run Behavior\ContentReplaceBehavior [ RunTime:0.000062s ]
INFO: [ template_filter ] --END-- [ RunTime:0.000141s ]
INFO: Run Behavior\ParseTemplateBehavior [ RunTime:0.022957s ]
INFO: [ view_parse ] --END-- [ RunTime:0.023057s ]
INFO: [ view_filter ] --START--
INFO: Run Behavior\WriteHtmlCacheBehavior [ RunTime:0.000264s ]
INFO: [ view_filter ] --END-- [ RunTime:0.000337s ]
INFO: [ app_end ] --START--
INFO: Run Behavior\ShowPageTraceBehavior [ RunTime:0.000750s ]
INFO: [ app_end ] --END-- [ RunTime:0.000899s ]

[ 2017-10-27T16:36:54+08:00 ] ::1 /index.php/Home/cart/cart.html
INFO: [ app_init ] --START--
INFO: Run Behavior\BuildLiteBehavior [ RunTime:0.000018s ]
INFO: [ app_init ] --END-- [ RunTime:0.000373s ]
INFO: [ app_begin ] --START--
INFO: Run Behavior\ReadHtmlCacheBehavior [ RunTime:0.000470s ]
INFO: [ app_begin ] --END-- [ RunTime:0.000528s ]
SQL: SHOW COLUMNS FROM `cart` [ RunTime:0.0023s ]
SQL: select cart.gid,cart.id,cart.goodsnum,goods.picname,goods.goodsname,goods.price,goods.oldprice from cart join goods on cart.gid=goods.id where cart.uid=11 [ RunTime:0.0016s ]
INFO: [ view_parse ] --START--
INFO: [ template_filter ] --START--
INFO: Run Behavior\ContentReplaceBehavior [ RunTime:0.000068s ]
INFO: [ template_filter ] --END-- [ RunTime:0.000156s ]
INFO: Run Behavior\ParseTemplateBehavior [ RunTime:0.029984s ]
INFO: [ view_parse ] --END-- [ RunTime:0.030064s ]
INFO: [ view_filter ] --START--
INFO: Run Behavior\WriteHtmlCacheBehavior [ RunTime:0.000197s ]
INFO: [ view_filter ] --END-- [ RunTime:0.000257s ]
INFO: [ app_end ] --START--
INFO: Run Behavior\ShowPageTraceBehavior [ RunTime:0.000855s ]
INFO: [ app_end ] --END-- [ RunTime:0.000961s ]

[ 2017-10-27T16:46:53+08:00 ] ::1 /index.php/Home/cart/cart.html
INFO: [ app_init ] --START--
INFO: Run Behavior\BuildLiteBehavior [ RunTime:0.000018s ]
INFO: [ app_init ] --END-- [ RunTime:0.000375s ]
INFO: [ app_begin ] --START--
INFO: Run Behavior\ReadHtmlCacheBehavior [ RunTime:0.000821s ]
INFO: [ app_begin ] --END-- [ RunTime:0.000924s ]
SQL: SHOW COLUMNS FROM `cart` [ RunTime:0.0034s ]
SQL: select cart.gid,cart.id,cart.goodsnum,goods.picname,goods.goodsname,goods.price,goods.oldprice from cart join goods on cart.gid=goods.id where cart.uid=11 [ RunTime:0.0003s ]
INFO: [ view_parse ] --START--
INFO: [ template_filter ] --START--
INFO: Run Behavior\ContentReplaceBehavior [ RunTime:0.000087s ]
INFO: [ template_filter ] --END-- [ RunTime:0.000199s ]
INFO: Run Behavior\ParseTemplateBehavior [ RunTime:0.022555s ]
INFO: [ view_parse ] --END-- [ RunTime:0.022663s ]
INFO: [ view_filter ] --START--
INFO: Run Behavior\WriteHtmlCacheBehavior [ RunTime:0.000308s ]
INFO: [ view_filter ] --END-- [ RunTime:0.000388s ]
INFO: [ app_end ] --START--
INFO: Run Behavior\ShowPageTraceBehavior [ RunTime:0.001054s ]
INFO: [ app_end ] --END-- [ RunTime:0.001181s ]

